c:\users\yanth\source\repos\vaultify\vaultify\x64\release\vc143.pdb
c:\users\yanth\source\repos\vaultify\vaultify\x64\release\main.obj
c:\users\yanth\source\repos\vaultify\vaultify\x64\release\imgui_widgets.obj
c:\users\yanth\source\repos\vaultify\vaultify\x64\release\imgui_tables.obj
c:\users\yanth\source\repos\vaultify\vaultify\x64\release\imgui_impl_win32.obj
c:\users\yanth\source\repos\vaultify\vaultify\x64\release\imgui_impl_dx11.obj
c:\users\yanth\source\repos\vaultify\vaultify\x64\release\imgui_draw.obj
c:\users\yanth\source\repos\vaultify\vaultify\x64\release\imgui.obj
c:\users\yanth\source\repos\vaultify\x64\release\vaultify.exe
c:\users\yanth\source\repos\vaultify\x64\release\vaultify.pdb
c:\users\yanth\source\repos\vaultify\vaultify\x64\release\passwordgenerator.res
c:\users\yanth\source\repos\vaultify\vaultify\x64\release\vaultify.ipdb
c:\users\yanth\source\repos\vaultify\vaultify\x64\release\vaultify.iobj
c:\users\yanth\source\repos\vaultify\vaultify\x64\release\passwordgenerator.ipdb
c:\users\yanth\source\repos\vaultify\vaultify\x64\release\passwordgenerator.iobj
c:\users\yanth\source\repos\vaultify\vaultify\x64\release\resource.res
c:\users\yanth\source\repos\vaultify\vaultify\x64\release\vaultify.tlog\cl.command.1.tlog
c:\users\yanth\source\repos\vaultify\vaultify\x64\release\vaultify.tlog\cl.items.tlog
c:\users\yanth\source\repos\vaultify\vaultify\x64\release\vaultify.tlog\cl.read.1.tlog
c:\users\yanth\source\repos\vaultify\vaultify\x64\release\vaultify.tlog\cl.write.1.tlog
c:\users\yanth\source\repos\vaultify\vaultify\x64\release\vaultify.tlog\link.command.1.tlog
c:\users\yanth\source\repos\vaultify\vaultify\x64\release\vaultify.tlog\link.read.1.tlog
c:\users\yanth\source\repos\vaultify\vaultify\x64\release\vaultify.tlog\link.secondary.1.tlog
c:\users\yanth\source\repos\vaultify\vaultify\x64\release\vaultify.tlog\link.write.1.tlog
c:\users\yanth\source\repos\vaultify\vaultify\x64\release\vaultify.tlog\rc.command.1.tlog
c:\users\yanth\source\repos\vaultify\vaultify\x64\release\vaultify.tlog\rc.read.1.tlog
c:\users\yanth\source\repos\vaultify\vaultify\x64\release\vaultify.tlog\rc.write.1.tlog
